Step: step-credential-initializer-nnwrd:

{"level":"warn","ts":1565726215.0425174,"logger":"fallback-logger","caller":"logging/config.go:69","msg":"Fetch GitHub commit ID from kodata failed: \"ref: refs/heads/master\" is not a valid GitHub commit ID"}
{"level":"info","ts":1565726215.0438955,"logger":"fallback-logger","caller":"creds-init/main.go:40","msg":"Credentials initialized."}
Step: step-working-dir-initializer-5wt7p:

{"level":"warn","ts":1565726215.7334473,"logger":"fallback-logger","caller":"logging/config.go:69","msg":"Fetch GitHub commit ID from kodata failed: open /var/run/ko/HEAD: no such file or directory"}
{"level":"info","ts":1565726215.7386508,"logger":"fallback-logger","caller":"bash/main.go:65","msg":"Successfully executed command \"mkdir -p /workspace/source\""}
Step: step-place-tools:

Step: step-git-source-meta-******-environment-******-jfxzk:

{"level":"warn","ts":1565726222.8336167,"logger":"fallback-logger","caller":"logging/config.go:69","msg":"Fetch GitHub commit ID from kodata failed: \"ref: refs/heads/master\" is not a valid GitHub commit ID"}
{"level":"info","ts":1565726223.7631001,"logger":"fallback-logger","caller":"git/git.go:102","msg":"Successfully cloned https://github.com/******/environment-******-staging.git @ 7fdb507021744cdf773d01ab22123b116535c66e in path /workspace/source"}
Step: step-git-merge:

{"level":"info","msg":"Using SHAs from PULL_REFS=master:7fdb507021744cdf773d01ab22123b116535c66e","time":"2019-08-13T19:57:04Z"}
{"level":"warning","msg":"no SHAs to merge, falling back to initial cloned commit","time":"2019-08-13T19:57:04Z"}
Step: step-merge-pull-refs:

SKIP merge-pull-refs: Nothing to merge
Step: step-create-effective-pipeline:

{"level":"info","msg":"Deleting and cloning the Jenkins X versions repo","time":"2019-08-13T19:57:05Z"}
{"level":"info","msg":"Cloning the Jenkins X versions repo https://github.com/jenkins-x/jenkins-x-versions.git with ref refs/heads/master to /builder/home/.jx/jenkins-x-versions","time":"2019-08-13T19:57:05Z"}
{"level":"info","msg":"selected pack: /builder/home/.jx/draft/packs/github.com/jenkins-x-buildpacks/jenkins-x-kubernetes/packs/environment","time":"2019-08-13T19:57:06Z"}
{"level":"info","msg":"Effective pipeline written to jenkins-x-promotion-effective.yml","time":"2019-08-13T19:57:07Z"}
Step: step-create-tekton-crds:

{"level":"info","msg":"running command: jx step next-version --use-git-tag-only --tag","time":"2019-08-13T19:57:08Z"}
{"level":"info","msg":"created new version: 0.0.1 and written to file: ./VERSION","time":"2019-08-13T19:57:09Z"}
{"level":"info","msg":"Tag v0.0.1 created and pushed to remote origin","time":"2019-08-13T19:57:11Z"}
{"level":"info","msg":"","time":"2019-08-13T19:57:11Z"}
{"level":"info","msg":"PipelineActivity for ******-environment-******-staging-master-1","time":"2019-08-13T19:57:11Z"}
{"level":"info","msg":"Applying changes ","time":"2019-08-13T19:57:11Z"}
{"level":"info","msg":"upserted PipelineResource ******-environment-******-stagi for the git repository https://github.com/******/environment-******-staging.git and branch master","time":"2019-08-13T19:57:12Z"}
{"level":"info","msg":"upserted Task ******-environment-******-stagi-p7754-from-build-pack-1","time":"2019-08-13T19:57:12Z"}
{"level":"info","msg":"upserted Pipeline ******-environment-******-stagi-p7754-1","time":"2019-08-13T19:57:12Z"}
{"level":"info","msg":"created PipelineRun ******-environment-******-stagi-p7754-1","time":"2019-08-13T19:57:12Z"}
{"level":"info","msg":"created PipelineStructure ******-environment-******-stagi-p7754-1","time":"2019-08-13T19:57:12Z"}
