Step: step-credential-initializer-76wx6:

{"level":"warn","ts":1565726694.079752,"logger":"fallback-logger","caller":"logging/config.go:69","msg":"Fetch GitHub commit ID from kodata failed: \"ref: refs/heads/master\" is not a valid GitHub commit ID"}
{"level":"info","ts":1565726694.0812209,"logger":"fallback-logger","caller":"creds-init/main.go:40","msg":"Credentials initialized."}
Step: step-working-dir-initializer-7n85g:

{"level":"warn","ts":1565726695.0488276,"logger":"fallback-logger","caller":"logging/config.go:69","msg":"Fetch GitHub commit ID from kodata failed: open /var/run/ko/HEAD: no such file or directory"}
{"level":"info","ts":1565726695.050529,"logger":"fallback-logger","caller":"bash/main.go:65","msg":"Successfully executed command \"mkdir -p /workspace/source\""}
Step: step-place-tools:

Step: step-git-source-meta-******-environment-******-vts2s:

{"level":"warn","ts":1565726702.186212,"logger":"fallback-logger","caller":"logging/config.go:69","msg":"Fetch GitHub commit ID from kodata failed: \"ref: refs/heads/master\" is not a valid GitHub commit ID"}
{"level":"info","ts":1565726703.5573192,"logger":"fallback-logger","caller":"git/git.go:102","msg":"Successfully cloned https://github.com/******/environment-******-staging.git @ c88522c79c805f95772208509d2e1d42b36e2f8a in path /workspace/source"}
Step: step-git-merge:

{"level":"info","msg":"Using SHAs from PULL_REFS=master:c88522c79c805f95772208509d2e1d42b36e2f8a","time":"2019-08-13T20:05:04Z"}
{"level":"warning","msg":"no SHAs to merge, falling back to initial cloned commit","time":"2019-08-13T20:05:04Z"}
Step: step-merge-pull-refs:

SKIP merge-pull-refs: Nothing to merge
Step: step-create-effective-pipeline:

{"level":"info","msg":"Deleting and cloning the Jenkins X versions repo","time":"2019-08-13T20:05:05Z"}
{"level":"info","msg":"Cloning the Jenkins X versions repo https://github.com/jenkins-x/jenkins-x-versions.git with ref refs/heads/master to /builder/home/.jx/jenkins-x-versions","time":"2019-08-13T20:05:05Z"}
{"level":"info","msg":"selected pack: /builder/home/.jx/draft/packs/github.com/jenkins-x-buildpacks/jenkins-x-kubernetes/packs/environment","time":"2019-08-13T20:05:06Z"}
{"level":"info","msg":"Effective pipeline written to jenkins-x-promotion-effective.yml","time":"2019-08-13T20:05:07Z"}
Step: step-create-tekton-crds:

{"level":"info","msg":"running command: jx step next-version --use-git-tag-only --tag","time":"2019-08-13T20:05:08Z"}
{"level":"info","msg":"created new version: 0.0.2 and written to file: ./VERSION","time":"2019-08-13T20:05:09Z"}
{"level":"info","msg":"Tag v0.0.2 created and pushed to remote origin","time":"2019-08-13T20:05:12Z"}
{"level":"info","msg":"","time":"2019-08-13T20:05:12Z"}
{"level":"info","msg":"PipelineActivity for ******-environment-******-staging-master-2","time":"2019-08-13T20:05:12Z"}
{"level":"info","msg":"Applying changes ","time":"2019-08-13T20:05:12Z"}
{"level":"info","msg":"upserted PipelineResource ******-environment-******-stagi for the git repository https://github.com/******/environment-******-staging.git and branch master","time":"2019-08-13T20:05:12Z"}
{"level":"info","msg":"upserted Task ******-environment-******-stagi-vm6tj-from-build-pack-2","time":"2019-08-13T20:05:12Z"}
{"level":"info","msg":"upserted Pipeline ******-environment-******-stagi-vm6tj-2","time":"2019-08-13T20:05:12Z"}
{"level":"info","msg":"created PipelineRun ******-environment-******-stagi-vm6tj-2","time":"2019-08-13T20:05:12Z"}
{"level":"info","msg":"created PipelineStructure ******-environment-******-stagi-vm6tj-2","time":"2019-08-13T20:05:12Z"}
