Step: step-credential-initializer-jvtcp:

{"level":"warn","ts":1565728741.9708223,"logger":"fallback-logger","caller":"logging/config.go:69","msg":"Fetch GitHub commit ID from kodata failed: \"ref: refs/heads/master\" is not a valid GitHub commit ID"}
{"level":"info","ts":1565728741.9713433,"logger":"fallback-logger","caller":"creds-init/main.go:40","msg":"Credentials initialized."}
Step: step-working-dir-initializer-vsrv9:

{"level":"warn","ts":1565728743.0215213,"logger":"fallback-logger","caller":"logging/config.go:69","msg":"Fetch GitHub commit ID from kodata failed: open /var/run/ko/HEAD: no such file or directory"}
{"level":"info","ts":1565728743.0227156,"logger":"fallback-logger","caller":"bash/main.go:65","msg":"Successfully executed command \"mkdir -p /workspace/source\""}
Step: step-place-tools:

Step: step-git-source-meta-******-environment-******-zlhtk:

{"level":"warn","ts":1565728759.245257,"logger":"fallback-logger","caller":"logging/config.go:69","msg":"Fetch GitHub commit ID from kodata failed: \"ref: refs/heads/master\" is not a valid GitHub commit ID"}
{"level":"info","ts":1565728759.6212044,"logger":"fallback-logger","caller":"git/git.go:102","msg":"Successfully cloned https://github.com/******/environment-******-staging.git @ 666631f4dfad76e19a5d449070071b6336a95d60 in path /workspace/source"}
Step: step-git-merge:

{"level":"info","msg":"Using SHAs from PULL_REFS=master:666631f4dfad76e19a5d449070071b6336a95d60","time":"2019-08-13T20:39:20Z"}
{"level":"warning","msg":"no SHAs to merge, falling back to initial cloned commit","time":"2019-08-13T20:39:20Z"}
Step: step-merge-pull-refs:

SKIP merge-pull-refs: Nothing to merge
Step: step-create-effective-pipeline:

{"level":"info","msg":"Deleting and cloning the Jenkins X versions repo","time":"2019-08-13T20:39:21Z"}
{"level":"info","msg":"Cloning the Jenkins X versions repo https://github.com/jenkins-x/jenkins-x-versions.git with ref refs/heads/master to /builder/home/.jx/jenkins-x-versions","time":"2019-08-13T20:39:21Z"}
{"level":"info","msg":"selected pack: /builder/home/.jx/draft/packs/github.com/jenkins-x-buildpacks/jenkins-x-kubernetes/packs/environment","time":"2019-08-13T20:39:22Z"}
{"level":"info","msg":"Effective pipeline written to jenkins-x-promotion-effective.yml","time":"2019-08-13T20:39:23Z"}
Step: step-create-tekton-crds:

{"level":"info","msg":"running command: jx step next-version --use-git-tag-only --tag","time":"2019-08-13T20:39:24Z"}
{"level":"info","msg":"created new version: 0.0.3 and written to file: ./VERSION","time":"2019-08-13T20:39:24Z"}
{"level":"info","msg":"Tag v0.0.3 created and pushed to remote origin","time":"2019-08-13T20:39:27Z"}
{"level":"info","msg":"","time":"2019-08-13T20:39:27Z"}
{"level":"info","msg":"PipelineActivity for ******-environment-******-staging-master-3","time":"2019-08-13T20:39:27Z"}
{"level":"info","msg":"Applying changes ","time":"2019-08-13T20:39:27Z"}
{"level":"info","msg":"upserted PipelineResource ******-environment-******-stagi for the git repository https://github.com/******/environment-******-staging.git and branch master","time":"2019-08-13T20:39:27Z"}
{"level":"info","msg":"upserted Task ******-environment-******-stagi-m26gh-from-build-pack-3","time":"2019-08-13T20:39:27Z"}
{"level":"info","msg":"upserted Pipeline ******-environment-******-stagi-m26gh-3","time":"2019-08-13T20:39:27Z"}
{"level":"info","msg":"created PipelineRun ******-environment-******-stagi-m26gh-3","time":"2019-08-13T20:39:27Z"}
{"level":"info","msg":"created PipelineStructure ******-environment-******-stagi-m26gh-3","time":"2019-08-13T20:39:27Z"}
